[2026-07-20T23:01:29Z INFO  gs_video::mp4_reader] h264 track 1: 478x850, 2323 samples, timescale 90000
[2026-07-20T23:01:29Z INFO  gs_video::nvdec] nvdec: session ready — 480x864 coded, 2 DPB slots, coincide mode
[2026-07-20T23:01:29Z INFO  gs_cli] video 478x850, focal guess 722px
[2026-07-20T23:01:47Z INFO  gs_cli] tracked 200 frames, 110 keyframes
[2026-07-20T23:02:05Z INFO  gs_cli] tracked 400 frames, 264 keyframes
[2026-07-20T23:02:23Z INFO  gs_cli] tracked 600 frames, 404 keyframes
[2026-07-20T23:02:23Z INFO  gs_cli] causal pass: 600 frames, 404 keyframes, 11.2 fps
[2026-07-20T23:02:23Z INFO  gs_pose::vo] bootstrap at keyframes (262,263): 318 inliers, median parallax 1.26°
[2026-07-20T23:05:20Z INFO  gs_cli] anchor-out solve: 404/404 keyframes solved (anchor at kf 262), 9028 landmarks, 177.65s
[2026-07-20T23:05:20Z INFO  gs_cli] selected 73 training views (downscale 2 -> 239x425)
[2026-07-20T23:05:20Z INFO  gs_video::mp4_reader] h264 track 1: 478x850, 2323 samples, timescale 90000
[2026-07-20T23:05:20Z INFO  gs_video::nvdec] nvdec: session ready — 480x864 coded, 2 DPB slots, coincide mode
[2026-07-20T23:05:26Z INFO  gs_cli] init: 8984 landmarks kept of 9028 (median-distance filter)
[2026-07-20T23:05:26Z INFO  gs_cli] training on 63 views, evaluating on 10 held-out
[2026-07-20T23:05:26Z INFO  wgpu_hal::vulkan::adapter] Found 6 cooperative matrix configurations supported by wgpu
[2026-07-20T23:05:26Z INFO  gs_wgpu::context] adapter: NVIDIA GeForce RTX 4090 (Vulkan, driver: NVIDIA 591.86)
[2026-07-20T23:05:27Z INFO  gs_train::trainer] iter      0: L1 0.17614  D-SSIM 0.22806  (2.1 it/s)
[2026-07-20T23:08:29Z INFO  gs_train::trainer] iter    500: L1 0.02203  D-SSIM 0.03756  (2.7 it/s)
[2026-07-20T23:11:55Z INFO  gs_train::trainer] iter   1000: L1 0.05185  D-SSIM 0.13688  (2.6 it/s)
[2026-07-20T23:15:33Z INFO  gs_train::trainer] iter   1500: L1 0.05619  D-SSIM 0.09640  (2.5 it/s)
[2026-07-20T23:19:16Z INFO  gs_train::trainer] iter   2000: L1 0.03632  D-SSIM 0.12369  (2.4 it/s)
[2026-07-20T23:23:06Z INFO  gs_train::trainer] iter   2500: L1 0.06188  D-SSIM 0.16230  (2.4 it/s)
[2026-07-20T23:26:55Z INFO  gs_train::trainer] iter   2999: L1 0.05990  D-SSIM 0.15895  (2.3 it/s)
[2026-07-20T23:26:55Z INFO  gs_cli] trained 3000 iters in 1289s (2.3 it/s); held-out PSNR 18.80 dB
done: samples/video/prinsengracht-494-android/1.project (150000 surfels, held-out PSNR 18.80 dB) — walk it with `gs-cli view samples/video/prinsengracht-494-android/1.project\submap-0\splat.ply`
